<?xml version="1.0" encoding="UTF-8"?>
<robot generator="Robot 5.0 (Python 3.10.4 on win32)" generated="20220614 12:52:11.687" rpa="false" schemaversion="3">
<suite id="s1" name="TC1" source="C:\Users\dhadjati\PycharmProjects\RobotFrameworkPractice\TestCases\TC1.robot">
<kw name="Open my Browser" library="login_resources_TC1" type="SETUP">
<kw name="Open Browser" library="SeleniumLibrary">
<arg>${LOGIN URL}</arg>
<arg>${BROWSER}</arg>
<doc>Opens a new browser instance to the optional ``url``.</doc>
<msg timestamp="20220614 12:52:12.084" level="INFO">Opening browser 'chrome' to base url 'https://teveclub.hu/'.</msg>
<status status="PASS" starttime="20220614 12:52:12.084" endtime="20220614 12:52:18.213"/>
</kw>
<kw name="Maximize Browser Window" library="SeleniumLibrary">
<doc>Maximizes current browser window.</doc>
<status status="PASS" starttime="20220614 12:52:18.214" endtime="20220614 12:52:18.342"/>
</kw>
<status status="PASS" starttime="20220614 12:52:12.083" endtime="20220614 12:52:18.342"/>
</kw>
<test id="s1-t1" name="LoginTest" line="9">
<kw name="Set Selenium Speed" library="SeleniumLibrary">
<arg>1 seconds</arg>
<doc>Sets the delay that is waited after each Selenium command.</doc>
<status status="PASS" starttime="20220614 12:52:18.344" endtime="20220614 12:52:18.344"/>
</kw>
<kw name="loginToApplication" library="login_resources_TC1">
<kw name="Input Text" library="SeleniumLibrary">
<arg>name:tevenev</arg>
<arg>${tevenev}</arg>
<doc>Types the given ``text`` into the text field identified by ``locator``.</doc>
<msg timestamp="20220614 12:52:18.345" level="INFO">Typing text 'Pat√°s Nyunyu' into text field 'name:tevenev'.</msg>
<status status="PASS" starttime="20220614 12:52:18.345" endtime="20220614 12:52:21.432"/>
</kw>
<kw name="Input Text" library="SeleniumLibrary">
<arg>name:pass</arg>
<arg>${hivojel}</arg>
<doc>Types the given ``text`` into the text field identified by ``locator``.</doc>
<msg timestamp="20220614 12:52:21.432" level="INFO">Typing text 'gyereideakurvaanyad' into text field 'name:pass'.</msg>
<msg timestamp="20220614 12:52:23.510" level="WARN">Keyword 'Capture Page Screenshot' could not be run on failure: Message: no such window: target window already closed
from unknown error: web view not found
  (Session info: chrome=102.0.5005.63)
Stacktrace:
Backtrace:
	Ordinal0 [0x009FB8F3+2406643]
	Ordinal0 [0x0098AF31+1945393]
	Ordinal0 [0x0087C748+837448]
	Ordinal0 [0x008642B0+737968]
	Ordinal0 [0x008C6C09+1141769]
	Ordinal0 [0x008D3E22+1195554]
	Ordinal0 [0x008C4096+1130646]
	Ordinal0 [0x0089E636+976438]
	Ordinal0 [0x0089F546+980294]
	GetHandleVerifier [0x00C69612+2498066]
	GetHandleVerifier [0x00C5C920+2445600]
	GetHandleVerifier [0x00A94F2A+579370]
	GetHandleVerifier [0x00A93D36+574774]
	Ordinal0 [0x00991C0B+1973259]
	Ordinal0 [0x00996688+1992328]
	Ordinal0 [0x00996775+1992565]
	Ordinal0 [0x0099F8D1+2029777]
	BaseThreadInitThunk [0x75F3FA29+25]
	RtlGetAppContainerNamedObjectPath [0x772B7A7E+286]
	RtlGetAppContainerNamedObjectPath [0x772B7A4E+238]
</msg>
<msg timestamp="20220614 12:52:23.515" level="FAIL">NoSuchWindowException: Message: no such window: target window already closed
from unknown error: web view not found
  (Session info: chrome=102.0.5005.63)
Stacktrace:
Backtrace:
	Ordinal0 [0x009FB8F3+2406643]
	Ordinal0 [0x0098AF31+1945393]
	Ordinal0 [0x0087C748+837448]
	Ordinal0 [0x008642B0+737968]
	Ordinal0 [0x008C6C09+1141769]
	Ordinal0 [0x008D3E22+1195554]
	Ordinal0 [0x008C4096+1130646]
	Ordinal0 [0x0089E636+976438]
	Ordinal0 [0x0089F546+980294]
	GetHandleVerifier [0x00C69612+2498066]
	GetHandleVerifier [0x00C5C920+2445600]
	GetHandleVerifier [0x00A94F2A+579370]
	GetHandleVerifier [0x00A93D36+574774]
	Ordinal0 [0x00991C0B+1973259]
	Ordinal0 [0x00996688+1992328]
	Ordinal0 [0x00996775+1992565]
	Ordinal0 [0x0099F8D1+2029777]
	BaseThreadInitThunk [0x75F3FA29+25]
	RtlGetAppContainerNamedObjectPath [0x772B7A7E+286]
	RtlGetAppContainerNamedObjectPath [0x772B7A4E+238]
</msg>
<status status="FAIL" starttime="20220614 12:52:21.432" endtime="20220614 12:52:23.581"/>
</kw>
<kw name="Click Element" library="SeleniumLibrary">
<arg>//input[contains(@type,'image')]</arg>
<doc>Click the element identified by ``locator``.</doc>
<status status="NOT RUN" starttime="20220614 12:52:23.582" endtime="20220614 12:52:23.582"/>
</kw>
<status status="FAIL" starttime="20220614 12:52:18.344" endtime="20220614 12:52:23.582"/>
</kw>
<status status="FAIL" starttime="20220614 12:52:18.343" endtime="20220614 12:52:23.583">NoSuchWindowException: Message: no such window: target window already closed
from unknown error: web view not found
  (Session info: chrome=102.0.5005.63)
Stacktrace:
Backtrace:
	Ordinal0 [0x009FB8F3+2406643]
	Ordinal0 [0x0098AF31+1945393]
	Ordinal0 [0x0087C748+837448]
	Ordinal0 [0x008642B0+737968]
	Ordinal0 [0x008C6C09+1141769]
	Ordinal0 [0x008D3E22+1195554]
	Ordinal0 [0x008C4096+1130646]
	Ordinal0 [0x0089E636+976438]
	Ordinal0 [0x0089F546+980294]
	GetHandleVerifier [0x00C69612+2498066]
	GetHandleVerifier [0x00C5C920+2445600]
	GetHandleVerifier [0x00A94F2A+579370]
	GetHandleVerifier [0x00A93D36+574774]
	Ordinal0 [0x00991C0B+1973259]
	Ordinal0 [0x00996688+1992328]
	Ordinal0 [0x00996775+1992565]
	Ordinal0 [0x0099F8D1+2029777]
	BaseThreadInitThunk [0x75F3FA29+25]
	RtlGetAppContainerNamedObjectPath [0x772B7A7E+286]
	RtlGetAppContainerNamedObjectPath [0x772B7A4E+238]
</status>
</test>
<test id="s1-t2" name="TodoTest" line="14">
<kw name="Feeding" library="login_resources_TC1">
<kw name="Get Element Count" library="SeleniumLibrary">
<var>${countFood}</var>
<arg>xpath://select[contains(@name,'kaja')]/option</arg>
<doc>Returns the number of elements matching ``locator``.</doc>
<msg timestamp="20220614 12:52:23.590" level="WARN">Keyword 'Capture Page Screenshot' could not be run on failure: Message: no such window: target window already closed
from unknown error: web view not found
  (Session info: chrome=102.0.5005.63)
Stacktrace:
Backtrace:
	Ordinal0 [0x009FB8F3+2406643]
	Ordinal0 [0x0098AF31+1945393]
	Ordinal0 [0x0087C748+837448]
	Ordinal0 [0x008642B0+737968]
	Ordinal0 [0x008C6C09+1141769]
	Ordinal0 [0x008D3E22+1195554]
	Ordinal0 [0x008C4096+1130646]
	Ordinal0 [0x0089E636+976438]
	Ordinal0 [0x0089F546+980294]
	GetHandleVerifier [0x00C69612+2498066]
	GetHandleVerifier [0x00C5C920+2445600]
	GetHandleVerifier [0x00A94F2A+579370]
	GetHandleVerifier [0x00A93D36+574774]
	Ordinal0 [0x00991C0B+1973259]
	Ordinal0 [0x00996688+1992328]
	Ordinal0 [0x00996775+1992565]
	Ordinal0 [0x0099F8D1+2029777]
	BaseThreadInitThunk [0x75F3FA29+25]
	RtlGetAppContainerNamedObjectPath [0x772B7A7E+286]
	RtlGetAppContainerNamedObjectPath [0x772B7A4E+238]
</msg>
<msg timestamp="20220614 12:52:23.593" level="FAIL">NoSuchWindowException: Message: no such window: target window already closed
from unknown error: web view not found
  (Session info: chrome=102.0.5005.63)
Stacktrace:
Backtrace:
	Ordinal0 [0x009FB8F3+2406643]
	Ordinal0 [0x0098AF31+1945393]
	Ordinal0 [0x0087C748+837448]
	Ordinal0 [0x008642B0+737968]
	Ordinal0 [0x008C6C09+1141769]
	Ordinal0 [0x008D3E22+1195554]
	Ordinal0 [0x008C4096+1130646]
	Ordinal0 [0x0089E636+976438]
	Ordinal0 [0x0089F546+980294]
	GetHandleVerifier [0x00C69612+2498066]
	GetHandleVerifier [0x00C5C920+2445600]
	GetHandleVerifier [0x00A94F2A+579370]
	GetHandleVerifier [0x00A93D36+574774]
	Ordinal0 [0x00991C0B+1973259]
	Ordinal0 [0x00996688+1992328]
	Ordinal0 [0x00996775+1992565]
	Ordinal0 [0x0099F8D1+2029777]
	BaseThreadInitThunk [0x75F3FA29+25]
	RtlGetAppContainerNamedObjectPath [0x772B7A7E+286]
	RtlGetAppContainerNamedObjectPath [0x772B7A4E+238]
</msg>
<status status="FAIL" starttime="20220614 12:52:23.587" endtime="20220614 12:52:23.620"/>
</kw>
<kw name="Get Element Count" library="SeleniumLibrary">
<var>${countDrink}</var>
<arg>xpath://select[contains(@name,'pia')]/option</arg>
<doc>Returns the number of elements matching ``locator``.</doc>
<status status="NOT RUN" starttime="20220614 12:52:23.621" endtime="20220614 12:52:23.621"/>
</kw>
<kw name="Execute Javascript" library="SeleniumLibrary">
<arg>window.scrollTo(0,document.body.scrollHeight)</arg>
<doc>Executes the given JavaScript code with possible arguments.</doc>
<status status="NOT RUN" starttime="20220614 12:52:23.621" endtime="20220614 12:52:23.621"/>
</kw>
<kw name="Select From List By Value" library="SeleniumLibrary">
<arg>kaja</arg>
<arg>${countFood}</arg>
<doc>Selects options from selection list ``locator`` by ``values``.</doc>
<status status="NOT RUN" starttime="20220614 12:52:23.622" endtime="20220614 12:52:23.622"/>
</kw>
<kw name="Select From List By Value" library="SeleniumLibrary">
<arg>pia</arg>
<arg>${countDrink}</arg>
<doc>Selects options from selection list ``locator`` by ``values``.</doc>
<status status="NOT RUN" starttime="20220614 12:52:23.622" endtime="20220614 12:52:23.622"/>
</kw>
<kw name="Click Element" library="SeleniumLibrary">
<arg>//input[contains(@value,'Mehet!')]</arg>
<doc>Click the element identified by ``locator``.</doc>
<status status="NOT RUN" starttime="20220614 12:52:23.622" endtime="20220614 12:52:23.622"/>
</kw>
<status status="FAIL" starttime="20220614 12:52:23.586" endtime="20220614 12:52:23.622"/>
</kw>
<kw name="Learning" library="login_resources_TC1">
<status status="NOT RUN" starttime="20220614 12:52:23.623" endtime="20220614 12:52:23.623"/>
</kw>
<status status="FAIL" starttime="20220614 12:52:23.585" endtime="20220614 12:52:23.623">NoSuchWindowException: Message: no such window: target window already closed
from unknown error: web view not found
  (Session info: chrome=102.0.5005.63)
Stacktrace:
Backtrace:
	Ordinal0 [0x009FB8F3+2406643]
	Ordinal0 [0x0098AF31+1945393]
	Ordinal0 [0x0087C748+837448]
	Ordinal0 [0x008642B0+737968]
	Ordinal0 [0x008C6C09+1141769]
	Ordinal0 [0x008D3E22+1195554]
	Ordinal0 [0x008C4096+1130646]
	Ordinal0 [0x0089E636+976438]
	Ordinal0 [0x0089F546+980294]
	GetHandleVerifier [0x00C69612+2498066]
	GetHandleVerifier [0x00C5C920+2445600]
	GetHandleVerifier [0x00A94F2A+579370]
	GetHandleVerifier [0x00A93D36+574774]
	Ordinal0 [0x00991C0B+1973259]
	Ordinal0 [0x00996688+1992328]
	Ordinal0 [0x00996775+1992565]
	Ordinal0 [0x0099F8D1+2029777]
	BaseThreadInitThunk [0x75F3FA29+25]
	RtlGetAppContainerNamedObjectPath [0x772B7A7E+286]
	RtlGetAppContainerNamedObjectPath [0x772B7A4E+238]
</status>
</test>
<kw name="Close Browsers" library="login_resources_TC1" type="TEARDOWN">
<kw name="Close All Browsers" library="SeleniumLibrary">
<doc>Closes all open browsers and resets the browser cache.</doc>
<status status="PASS" starttime="20220614 12:52:23.628" endtime="20220614 12:52:26.655"/>
</kw>
<status status="PASS" starttime="20220614 12:52:23.627" endtime="20220614 12:52:26.655"/>
</kw>
<status status="FAIL" starttime="20220614 12:52:11.691" endtime="20220614 12:52:26.655"/>
</suite>
<statistics>
<total>
<stat pass="0" fail="2" skip="0">All Tests</stat>
</total>
<tag>
</tag>
<suite>
<stat pass="0" fail="2" skip="0" id="s1" name="TC1">TC1</stat>
</suite>
</statistics>
<errors>
<msg timestamp="20220614 12:52:23.510" level="WARN">Keyword 'Capture Page Screenshot' could not be run on failure: Message: no such window: target window already closed
from unknown error: web view not found
  (Session info: chrome=102.0.5005.63)
Stacktrace:
Backtrace:
	Ordinal0 [0x009FB8F3+2406643]
	Ordinal0 [0x0098AF31+1945393]
	Ordinal0 [0x0087C748+837448]
	Ordinal0 [0x008642B0+737968]
	Ordinal0 [0x008C6C09+1141769]
	Ordinal0 [0x008D3E22+1195554]
	Ordinal0 [0x008C4096+1130646]
	Ordinal0 [0x0089E636+976438]
	Ordinal0 [0x0089F546+980294]
	GetHandleVerifier [0x00C69612+2498066]
	GetHandleVerifier [0x00C5C920+2445600]
	GetHandleVerifier [0x00A94F2A+579370]
	GetHandleVerifier [0x00A93D36+574774]
	Ordinal0 [0x00991C0B+1973259]
	Ordinal0 [0x00996688+1992328]
	Ordinal0 [0x00996775+1992565]
	Ordinal0 [0x0099F8D1+2029777]
	BaseThreadInitThunk [0x75F3FA29+25]
	RtlGetAppContainerNamedObjectPath [0x772B7A7E+286]
	RtlGetAppContainerNamedObjectPath [0x772B7A4E+238]
</msg>
<msg timestamp="20220614 12:52:23.590" level="WARN">Keyword 'Capture Page Screenshot' could not be run on failure: Message: no such window: target window already closed
from unknown error: web view not found
  (Session info: chrome=102.0.5005.63)
Stacktrace:
Backtrace:
	Ordinal0 [0x009FB8F3+2406643]
	Ordinal0 [0x0098AF31+1945393]
	Ordinal0 [0x0087C748+837448]
	Ordinal0 [0x008642B0+737968]
	Ordinal0 [0x008C6C09+1141769]
	Ordinal0 [0x008D3E22+1195554]
	Ordinal0 [0x008C4096+1130646]
	Ordinal0 [0x0089E636+976438]
	Ordinal0 [0x0089F546+980294]
	GetHandleVerifier [0x00C69612+2498066]
	GetHandleVerifier [0x00C5C920+2445600]
	GetHandleVerifier [0x00A94F2A+579370]
	GetHandleVerifier [0x00A93D36+574774]
	Ordinal0 [0x00991C0B+1973259]
	Ordinal0 [0x00996688+1992328]
	Ordinal0 [0x00996775+1992565]
	Ordinal0 [0x0099F8D1+2029777]
	BaseThreadInitThunk [0x75F3FA29+25]
	RtlGetAppContainerNamedObjectPath [0x772B7A7E+286]
	RtlGetAppContainerNamedObjectPath [0x772B7A4E+238]
</msg>
</errors>
</robot>
